<?xml version='1.1' encoding='UTF-8'?>
<result plugin="junit@1.54">
  <suites>
    <suite>
      <file>/var/lib/jenkins/workspace/maven/target/surefire-reports/TEST-demo.ThingTest.xml</file>
      <name>demo.ThingTest</name>
      <duration>0.173</duration>
      <time>0.173</time>
      <enclosingBlocks/>
      <enclosingBlockNames/>
      <cases>
        <case>
          <duration>0.173</duration>
          <className>demo.ThingTest</className>
          <testName>testUseRtree</testName>
          <skipped>false</skipped>
          <failedSince>0</failedSince>
        </case>
      </cases>
    </suite>
  </suites>
  <duration>0.173</duration>
  <keepLongStdio>false</keepLongStdio>
</result>